2023-10-10 11:17:26.564 | INFO     | header_spider.header_spider:list_spider:98 - 当前采集链接：http://beijingspring.com/bj2/2010/c8/xw/ywzs/ywzs1.js，页码：1
2023-10-10 11:17:29.605 | INFO     | header_spider.header_spider:list_spider:104 - 测试站点:北京之春-要闻评述,响应状态：200
2023-10-10 11:17:29.607 | INFO     | header_spider.header_spider:entity_spider:121 - 实体页链接：http://beijingspring.com/bj2/2010/c8/xw/ywzs/20200629183923.htm
/u01/isi/.local/lib/python3.7/site-packages/dateparser/date_parser.py:35: PytzUsageWarning: The localize method is no longer necessary, as this time zone supports the fold attribute (PEP 495). For more details on migrating to a PEP 495-compliant implementation, see https://pytz-deprecation-shim.readthedocs.io/en/latest/migration.html
  date_obj = stz.localize(date_obj)
2023-10-10 11:17:32.318 | INFO     | header_spider.header_spider:send_data:240 - 插入kafka成功
2023-10-10 11:17:32.318 | INFO     | header_spider.header_spider:entity_spider:121 - 实体页链接：http://beijingspring.com/bj2/2010/c8/xw/ywzs/20200628182625.htm
2023-10-10 11:17:41.345 | INFO     | header_spider.header_spider:sava_img:228 - 文件存储成功!
2023-10-10 11:17:41.724 | INFO     | header_spider.header_spider:send_data:240 - 插入kafka成功
2023-10-10 11:17:41.724 | INFO     | header_spider.header_spider:entity_spider:121 - 实体页链接：http://beijingspring.com/bj2/2010/c8/xw/ywzs/20200627184214.htm
2023-10-10 11:17:45.375 | INFO     | header_spider.header_spider:send_data:240 - 插入kafka成功
2023-10-10 11:17:45.375 | INFO     | header_spider.header_spider:entity_spider:121 - 实体页链接：http://beijingspring.com/bj2/2010/c8/xw/ywzs/20200627182207.htm
2023-10-10 11:17:48.650 | INFO     | header_spider.header_spider:send_data:240 - 插入kafka成功
2023-10-10 11:17:48.651 | INFO     | header_spider.header_spider:entity_spider:121 - 实体页链接：http://beijingspring.com/bj2/2010/c8/xw/ywzs/20200626181922.htm
2023-10-10 11:17:52.301 | INFO     | header_spider.header_spider:send_data:240 - 插入kafka成功
2023-10-10 11:17:52.302 | INFO     | header_spider.header_spider:entity_spider:121 - 实体页链接：http://beijingspring.com/bj2/2010/c8/xw/ywzs/20200625180821.htm
2023-10-10 11:17:59.001 | INFO     | header_spider.header_spider:sava_img:228 - 文件存储成功!
2023-10-10 11:18:02.156 | INFO     | header_spider.header_spider:sava_img:228 - 文件存储成功!
2023-10-10 11:18:07.557 | INFO     | header_spider.header_spider:sava_img:228 - 文件存储成功!
2023-10-10 11:18:07.910 | INFO     | header_spider.header_spider:send_data:240 - 插入kafka成功
2023-10-10 11:18:07.910 | INFO     | header_spider.header_spider:entity_spider:121 - 实体页链接：http://beijingspring.com/bj2/2010/c8/xw/ywzs/20200624182258.htm
2023-10-10 11:18:16.418 | INFO     | header_spider.header_spider:sava_img:228 - 文件存储成功!
2023-10-10 11:18:16.984 | INFO     | header_spider.header_spider:send_data:240 - 插入kafka成功
2023-10-10 11:18:16.984 | INFO     | header_spider.header_spider:entity_spider:121 - 实体页链接：http://beijingspring.com/bj2/2010/c8/xw/ywzs/20200623182314.htm
2023-10-10 11:18:25.229 | INFO     | header_spider.header_spider:sava_img:228 - 文件存储成功!
2023-10-10 11:18:25.638 | INFO     | header_spider.header_spider:send_data:240 - 插入kafka成功
2023-10-10 11:18:25.638 | INFO     | header_spider.header_spider:entity_spider:121 - 实体页链接：http://beijingspring.com/bj2/2010/c8/xw/ywzs/20200622200904.htm
2023-10-10 11:18:28.448 | INFO     | header_spider.header_spider:send_data:240 - 插入kafka成功
2023-10-10 11:18:28.448 | INFO     | header_spider.header_spider:entity_spider:121 - 实体页链接：http://beijingspring.com/bj2/2010/c8/xw/ywzs/20200621184848.htm
2023-10-10 11:18:35.165 | INFO     | header_spider.header_spider:sava_img:228 - 文件存储成功!
2023-10-10 11:18:40.014 | INFO     | header_spider.header_spider:sava_img:228 - 文件存储成功!
2023-10-10 11:18:40.200 | INFO     | header_spider.header_spider:send_data:240 - 插入kafka成功
2023-10-10 11:18:40.201 | INFO     | header_spider.header_spider:entity_spider:121 - 实体页链接：http://beijingspring.com/bj2/2010/c8/xw/ywzs/20200620190228.htm
2023-10-10 11:18:48.275 | INFO     | header_spider.header_spider:sava_img:228 - 文件存储成功!
2023-10-10 11:18:48.650 | INFO     | header_spider.header_spider:send_data:240 - 插入kafka成功
2023-10-10 11:18:48.651 | INFO     | header_spider.header_spider:entity_spider:121 - 实体页链接：http://beijingspring.com/bj2/2010/c8/xw/ywzs/20200619185257.htm
HTTPConnectionPool(host='43.156.7.184', port=19974): Max retries exceeded with url: http://beijingspring.com/bj2/2010/c8/xw/ywzs/20200619185257.htm (Caused by ProxyError('Cannot connect to proxy.', RemoteDisconnected('Remote end closed connection without response')))
2023-10-10 11:19:02.959 | INFO     | header_spider.header_spider:sava_img:228 - 文件存储成功!
2023-10-10 11:19:06.549 | INFO     | header_spider.header_spider:sava_img:228 - 文件存储成功!
2023-10-10 11:19:09.982 | INFO     | header_spider.header_spider:sava_img:228 - 文件存储成功!
2023-10-10 11:19:10.394 | INFO     | header_spider.header_spider:send_data:240 - 插入kafka成功
2023-10-10 11:19:10.394 | INFO     | header_spider.header_spider:entity_spider:121 - 实体页链接：http://beijingspring.com/bj2/2010/c8/xw/ywzs/20200618184337.htm
2023-10-10 11:19:18.637 | INFO     | header_spider.header_spider:sava_img:228 - 文件存储成功!
2023-10-10 11:19:18.989 | INFO     | header_spider.header_spider:send_data:240 - 插入kafka成功
2023-10-10 11:19:18.989 | INFO     | header_spider.header_spider:entity_spider:121 - 实体页链接：http://beijingspring.com/bj2/2010/c8/xw/ywzs/20200617160046.htm
2023-10-10 11:19:23.147 | INFO     | header_spider.header_spider:send_data:240 - 插入kafka成功
2023-10-10 11:19:23.147 | INFO     | header_spider.header_spider:entity_spider:121 - 实体页链接：http://beijingspring.com/bj2/2010/c8/xw/ywzs/20200616201808.htm
2023-10-10 11:19:28.944 | INFO     | header_spider.header_spider:sava_img:228 - 文件存储成功!
2023-10-10 11:19:33.041 | INFO     | header_spider.header_spider:sava_img:228 - 文件存储成功!
2023-10-10 11:19:37.589 | INFO     | header_spider.header_spider:sava_img:228 - 文件存储成功!
2023-10-10 11:19:40.884 | INFO     | header_spider.header_spider:sava_img:228 - 文件存储成功!
2023-10-10 11:19:51.170 | INFO     | header_spider.header_spider:sava_img:228 - 文件存储成功!
2023-10-10 11:19:55.534 | INFO     | header_spider.header_spider:sava_img:228 - 文件存储成功!
2023-10-10 11:20:01.247 | INFO     | header_spider.header_spider:sava_img:228 - 文件存储成功!
2023-10-10 11:20:04.364 | INFO     | header_spider.header_spider:sava_img:228 - 文件存储成功!
2023-10-10 11:20:04.742 | INFO     | header_spider.header_spider:send_data:240 - 插入kafka成功
2023-10-10 11:20:04.742 | INFO     | header_spider.header_spider:entity_spider:121 - 实体页链接：http://beijingspring.com/bj2/2010/c8/xw/ywzs/20200615173941.htm
2023-10-10 11:20:16.956 | INFO     | header_spider.header_spider:sava_img:228 - 文件存储成功!
2023-10-10 11:20:21.218 | INFO     | header_spider.header_spider:sava_img:228 - 文件存储成功!
2023-10-10 11:20:26.133 | INFO     | header_spider.header_spider:sava_img:228 - 文件存储成功!
2023-10-10 11:20:31.869 | INFO     | header_spider.header_spider:sava_img:228 - 文件存储成功!
2023-10-10 11:20:36.013 | INFO     | header_spider.header_spider:sava_img:228 - 文件存储成功!
2023-10-10 11:20:36.392 | INFO     | header_spider.header_spider:send_data:240 - 插入kafka成功
2023-10-10 11:20:36.392 | INFO     | header_spider.header_spider:entity_spider:121 - 实体页链接：http://beijingspring.com/bj2/2010/c8/xw/ywzs/20200614172417.htm
2023-10-10 11:20:43.795 | INFO     | header_spider.header_spider:sava_img:228 - 文件存储成功!
2023-10-10 11:20:43.990 | INFO     | header_spider.header_spider:send_data:240 - 插入kafka成功
2023-10-10 11:20:43.990 | INFO     | header_spider.header_spider:entity_spider:121 - 实体页链接：http://beijingspring.com/bj2/2010/c8/xw/ywzs/20200613195201.htm
2023-10-10 11:20:53.106 | INFO     | header_spider.header_spider:sava_img:228 - 文件存储成功!
2023-10-10 11:20:53.458 | INFO     | header_spider.header_spider:send_data:240 - 插入kafka成功
2023-10-10 11:20:53.459 | INFO     | header_spider.header_spider:entity_spider:121 - 实体页链接：http://beijingspring.com/bj2/2010/c8/xw/ywzs/20200612175423.htm
2023-10-10 11:21:01.026 | INFO     | header_spider.header_spider:sava_img:228 - 文件存储成功!
2023-10-10 11:21:01.378 | INFO     | header_spider.header_spider:send_data:240 - 插入kafka成功
2023-10-10 11:21:01.378 | INFO     | header_spider.header_spider:entity_spider:121 - 实体页链接：http://beijingspring.com/bj2/2010/c8/xw/ywzs/20200611190709.htm
2023-10-10 11:21:04.276 | INFO     | header_spider.header_spider:send_data:240 - 插入kafka成功
2023-10-10 11:21:04.276 | INFO     | header_spider.header_spider:entity_spider:121 - 实体页链接：http://beijingspring.com/bj2/2010/c8/xw/ywzs/20200610182915.htm
2023-10-10 11:21:12.670 | INFO     | header_spider.header_spider:sava_img:228 - 文件存储成功!
2023-10-10 11:21:17.592 | INFO     | header_spider.header_spider:sava_img:228 - 文件存储成功!
2023-10-10 11:21:18.001 | INFO     | header_spider.header_spider:send_data:240 - 插入kafka成功
2023-10-10 11:21:18.002 | INFO     | header_spider.header_spider:entity_spider:121 - 实体页链接：http://beijingspring.com/bj2/2010/c8/xw/ywzs/20200609185041.htm
2023-10-10 11:21:23.134 | INFO     | header_spider.header_spider:send_data:240 - 插入kafka成功
2023-10-10 11:21:23.135 | INFO     | header_spider.header_spider:entity_spider:121 - 实体页链接：http://beijingspring.com/bj2/2010/c8/xw/ywzs/20200608192113.htm
2023-10-10 11:21:29.713 | INFO     | header_spider.header_spider:sava_img:228 - 文件存储成功!
2023-10-10 11:21:34.019 | INFO     | header_spider.header_spider:sava_img:228 - 文件存储成功!
2023-10-10 11:21:37.635 | INFO     | header_spider.header_spider:sava_img:228 - 文件存储成功!
2023-10-10 11:21:42.352 | INFO     | header_spider.header_spider:sava_img:228 - 文件存储成功!
2023-10-10 11:21:50.127 | INFO     | header_spider.header_spider:sava_img:228 - 文件存储成功!
HTTPSConnectionPool(host='lh3.googleusercontent.com', port=443): Max retries exceeded with url: /Wizd84HO48p0CTfkMDbaH63duo-cOFRt99h2f9YRw4zLzyx7JFmNJ8EZWPfqxQ-mDuT0CNTPexYBXFGr8AlMZFrMfcqg_R4QF9qlkhFO7sOTKyQsbKnURhvaYRL-ngMNX4kgExvVpykiUnwi (Caused by SSLError(SSLEOFError(8, 'EOF occurred in violation of protocol (_ssl.c:1091)')))
2023-10-10 11:22:16.112 | INFO     | header_spider.header_spider:sava_img:228 - 文件存储成功!
2023-10-10 11:22:22.618 | INFO     | header_spider.header_spider:sava_img:228 - 文件存储成功!
